
ROM used: 3608 (22%)
          3608 (22%) including unused fragments

          1 Average locations per line
          5 Average locations per statement

RAM used: 91 (12%) at main() level
          117 (15%) worst case

Stack used: 6 worst case (out of 31 total available)

Lines Stmts  %   Files
----- ----- ---  -----
   92    48   7  16-3.c
   65    29   4  khoidong.c
  487     0   0  C:\Program Files (x86)\PICC\Devices\18F4431.h
  431     0   0  PIC18F4431_registers.h
 1273   359  51  C:\Program Files (x86)\PICC\Drivers\stdlib.h
   32     0   0  C:\Program Files (x86)\PICC\Drivers\stddef.h
  409     0   0  C:\Program Files (x86)\PICC\Drivers\string.h
   28     0   0  C:\Program Files (x86)\PICC\Drivers\ctype.h
   37     0   0  C:\Program Files (x86)\PICC\Drivers\stdio.h
   34     7   1  van-ctht.c
   77    36   5  dongco.c
   96    80  11  qei_piddc.c
   27    37   5  resetall.c
   26    34   5  nhiemvu2.c
   20    26   4  nhiemvu3.c
   41    49   7  nhiemvu4.c
----- -----
 3175   705 Total

Page ROM  %  RAM   Vol Diff  Functions:
---- --- --- ---   --- ----  ----------
0    242   3  11             @MULFF
0    618   9  16             @ADDFF
0     40   1   1             @delay_ms1
0    122   2   0   893  2.9  khoidong
0     36   0   4   223  4.5  beep
0     68   1   2   167  2.3  dc1t
0     30   0   0   154  2.2  resetdc1
0     68   1   2   167  2.3  dc2t
0     30   0   0   154  2.2  resetdc2
0     64   1   0   183  3.4  EXT1_L2H_isr
0     64   1   0   183  3.4  EXT2_isr
0    548   8   6   835  5.8  piddc1
0     72   1   2             @SITOF
0     56   1   4             @SFTOI
0    562   8   6   874  6.3  piddc2
0     32   0   0   149  3.1  ngat_timer0
0     38   1   0    82  1.6  ngat_timer1
0     20   0   0    33  1.3  ngat_timer5
0    106   1   1   564  3.4  resetall
0     74   1   1   386  3.8  nhiemvu2
0     46   1   0   236  2.3  nhiemvu3
0    208   3   1   821  3.4  nhiemvu4
0    246   3   1   715  5.3  MAIN

Program metrics:
    Functions               18
    Statements              705
    Comments                738
    Volume (V)              11541
    Difficilty (D)          60.2
    Effort to implement (E) 694625
    Time to implement (T)   10 hours, 43 minutes
    Est Delivered Bugs (B)  3
    Cyclomatic Complexity   35
    Maintainability (MI)    54

 Segment     Used  Free
-----------  ----  ----
00000-00002     4  0  
00004-00006     0  4  
00008-000DC   214  0  
000DE-03FFE  3390  12772  



