
ROM used:   5620/16384 (34%)
            5620/16384 (34%) including unused fragments

            2.3 Average locations per line
            6.1 Average locations per statement

RAM used:   89/768 (12%) at main() level
            119/768 (15%) worst case

Stack used: 7 worst case (4 in main + 3 for interrupts)
Stack size: 31

Lines Stmts  %   Files
----- ----- ---  -----
  127    99  11  lttudongnew.c
   11     0   0  lttudongnew.h
  892     0   0  C:\Program Files (x86)\PICC\Devices\18F4431.h
  531     0   0  PIC18F4431_registers.h
   74    29   3  khoidong.c
   38     7   1  van-ctht.c
  118    36   4  dongco.c
   96    80   9  qei_piddc.c
   64   111  12  resetvan.c
   31    76   8  nhiemvu2.c
  204   161  18  nhiemvu3.c
  117   189  21  nhiemvu3x.c
  106   131  14  nhiemvu4.c
----- -----
 2409   919 Total

Page ROM  %  RAM   Vol Diff  Functions:
---- --- --- ---   --- ----  ----------
0     40   0    1             @delay_ms1
0    110   1    0   862  2.9  khoidong
0     36   0    4   223  4.5  beep
0     68   1    2   167  2.3  dc1t
0     70   1    2   167  2.3  dc1n
0     32   0    0   154  2.2  resetdc1
0     68   1    2   167  2.3  dc2n
0     68   1    2   167  2.3  dc2t
0     32   0    0   154  2.2  resetdc2
0     72   1    0   183  3.4  EXT1_L2H_isr
0     72   1    0   183  3.4  EXT2_isr
0    574   5    8   865  6.5  piddc1
0     72   1    2             @SITOF
0    242   2   11             @MULFF
0    618   5   16             @ADDFF
0     56   0    4             @SFTOI
0    566   5    8   904  7.0  piddc2
0     74   1    1   399  4.7  ngat_timer0
0    126   1    0   412  4.2  ngat_timer1
0     34   0    0  1090  4.9  @goto10828
0     90   1    0   386  4.2  ngat_timer5
0    372   3    1  1672  5.4  resetvan
0    146   1    1   396  3.8  nhiemvu2
0    992   9    3  4202  5.9  nhiemvu3x
0    464   4    1  2258  4.9  nhiemvu4
0    332   3    1  1090  4.9  MAIN
 Inline         0             @cinit1

Program metrics:
    Functions               21
    Statements              919
    Comments                412
    Volume (V)              25667
    Difficulty (D)          85.2
    Effort to implement (E) 2187728
    Time to implement (T)   33 hours, 46 minutes
    Est Delivered Bugs (B)  6
    Cyclomatic Complexity   63
    Maintainability (MI)    99

 Segment     Used  Free
-----------  ----  ----
00000-00002     4  0  
00004-00006     0  4  
00008-000C4   190  0  
000C6-03FFE  5426  10760  



