
ROM used: 2812 (17%)
          2812 (17%) including unused fragments

          1 Average locations per line
          3 Average locations per statement

RAM used: 84 (11%) at main() level
          111 (14%) worst case

Stack used: 5 worst case (out of 31 total available)

Lines Stmts  %   Files
----- ----- ---  -----
  186   116  12  16-3.c
   59    26   3  khoidong.c
  487     0   0  C:\Program Files (x86)\PICC\Devices\18F4431.h
  431     0   0  PIC18F4431_registers.h
 1273   359  38  C:\Program Files (x86)\PICC\Drivers\stdlib.h
   32     0   0  C:\Program Files (x86)\PICC\Drivers\stddef.h
  409     0   0  C:\Program Files (x86)\PICC\Drivers\string.h
   28     0   0  C:\Program Files (x86)\PICC\Drivers\ctype.h
   37     0   0  C:\Program Files (x86)\PICC\Drivers\stdio.h
   34     7   1  van-ctht.c
   77    36   4  dongco.c
   21   104  11  ..\..\tudong17-3\tudong16-3\tudong4016-3\resetall.c
   16    98  10  nhiemvu2.c
   21    99  10  nhiemvu3.c
   24   105  11  nhiemvu4.c
----- -----
 3135   950 Total

Page ROM  %  RAM   Vol Diff  Functions:
---- --- --- ---   --- ----  ----------
0    242   4  11             @MULFF
0    618  11  16             @ADDFF
0     40   1   1             @delay_ms1
0    112   2   0   772  2.9  khoidong
0     38   1   4   223  4.5  beep
0     64   1   0   183  3.4  EXT1_L2H_isr
0     64   1   0   183  3.4  EXT2_isr
0    548  10   6   835  5.8  piddc1
0     72   1   2             @SITOF
0     56   1   4             @SFTOI
0    562  10   6   874  6.3  piddc2
0     14   0   0    21  0.9  ngat_timer0
0     38   1   0    82  1.6  ngat_timer1
0    138   2   0   290  2.8  MAIN

Program metrics:
    Functions               9
    Statements              950
    Comments                742
    Volume (V)              5189
    Difficilty (D)          32.0
    Effort to implement (E) 166086
    Time to implement (T)   2 hours, 34 minutes
    Est Delivered Bugs (B)  1
    Cyclomatic Complexity   23
    Maintainability (MI)    112

 Segment     Used  Free
-----------  ----  ----
00000-00002     4  0  
00004-00006     0  4  
00008-000D0   202  0  
000D2-03FFE  2606  13568  



