
ROM used: 342 (2%)
          342 (2%) including unused fragments

          0 Average locations per line
          15 Average locations per statement

RAM used: 28 (4%) at main() level
          29 (4%) worst case

Stack used: 2 worst case (out of 31 total available)

Lines Stmts  %   Files
----- ----- ---  -----
   42    23 100  main.c
  487     0   0  C:\Program Files (x86)\PICC\Devices\18F4431.h
  431     0   0  PIC18F4431_registers.h
----- -----
  960    23 Total

Page ROM  %  RAM   Vol Diff  Functions:
---- --- --- ---   --- ----  ----------
0     38   6   1   485  7.8  @delay_ms1
0     36   5   0   149  3.1  ngat_timer0
0     98  14   1   323  2.8  MAIN

Program metrics:
    Functions               3
    Statements              23
    Comments                111
    Volume (V)              1225
    Difficilty (D)          13.6
    Effort to implement (E) 16697
    Time to implement (T)   15 minutes
    Est Delivered Bugs (B)  0
    Cyclomatic Complexity   5
    Maintainability (MI)    106

 Segment     Used  Free
-----------  ----  ----
00000-00002     4  0  
00004-00006     0  4  
00008-000AC   166  0  
000AE-03FFE   172  16038  



