CCS PCH C Compiler, Version 4.114, 93460303               10-Mar-14 19:57

               Filename: F:\Robocon 2014\Lap trinh design\LAP TRINH ROBOT TU DONG\tudong40mhz10-3-2014\main.lst

               ROM used: 24 bytes (0%)
                         Largest free fragment is 16360
               RAM used: 4 (1%) at main() level
                         4 (1%) worst case
               Stack:    0 locations

*
0000:  GOTO   0004
.................... #include <main.h> 
.................... #include <18F4431.h> 
.................... //////// Standard Header file for the PIC18F4431 device //////////////// 
.................... #device PIC18F4431 
.................... #list 
....................  
....................  
.................... #FUSES NOWDT                    //No Watch Dog Timer 
.................... #FUSES WDT128                   //Watch Dog Timer uses 1:128 Postscale 
.................... #FUSES H4                       //High speed osc with HW enabled 4X PLL 
.................... #FUSES FCMEN                    //Fail-safe clock monitor enabled 
.................... #FUSES IESO                     //Internal External Switch Over mode enabled 
.................... #FUSES NOPUT                    //No Power Up Timer 
.................... #FUSES NOBROWNOUT               //No brownout reset 
.................... #FUSES BORRES                 
.................... #FUSES NOWINEN                  //WDT Timer Window Disabled 
.................... #FUSES NOPWMPIN                 //PWM outputs drive active state upon Reset 
.................... #FUSES LPOL_HIGH                //Low-Side Transistors Polarity is Active-High (PWM 0,2,4 and 6) 
....................    //PWM module low side output pins have active high output polar 
.................... #FUSES HPOL_HIGH                //High-Side Transistors Polarity is Active-High (PWM 1,3,5 and 7) 
....................    //PWM module high side output pins have active high output polarity 
.................... #FUSES T1LOWPOWER               //Timer1 low power operation when in sleep 
.................... #FUSES FLTAC1                   //FLTA input is multiplexed with RC1 
.................... #FUSES SSP_RC                   //SCK/SCL=RC5, SDA/SDI=RC4, SDO=RC7 
.................... #FUSES PWM4B5                   //PWM4 output is multiplexed on RB5 
.................... #FUSES EXCLKC3                  //TMR0/T5CKI external clock input is muliplexed with RC3 
.................... #FUSES MCLR                     //Master Clear pin enabled 
.................... #FUSES STVREN                   //Stack full/underflow will cause reset 
.................... #FUSES NOLVP                    //No low voltage prgming, B3(PIC16) or B5(PIC18) used for I/O 
.................... #FUSES NODEBUG                  //No Debug mode for ICD 
.................... #FUSES NOPROTECT                //Code not protected from reading 
.................... #FUSES NOCPB                    //No Boot Block code protection 
.................... #FUSES NOCPD                    //No EE protection 
.................... #FUSES NOWRT                    //Program memory not write protected 
.................... #FUSES NOWRTC                   //configuration not registers write protected 
.................... #FUSES NOWRTB                   //Boot block not write protected 
.................... #FUSES NOWRTD                   //Data EEPROM not write protected 
.................... #FUSES NOEBTR                   //Memory not protected from table reads 
.................... #FUSES NOEBTRB                  //Boot block not protected from table reads 
....................  
.................... #use delay(clock=10000000) 
....................  
....................  
....................  
....................  
.................... void main() 
.................... { 
0004:  CLRF   FF8
0006:  BCF    FD0.7
0008:  CLRF   FEA
000A:  CLRF   FE9
000C:  BCF    FB9.0
000E:  BCF    FC1.6
0010:  BCF    FC1.7
0012:  MOVLW  00
0014:  MOVWF  FB8
....................  
....................  
....................  
.................... } 
0016:  SLEEP 

Configuration Fuses:
   Word  1: C600   H4 FCMEN IESO
   Word  2: 2E0D   NOPUT NOBROWNOUT BORRES NOWDT WDT128 NOWINEN
   Word  3: 9D3C   NOPWMPIN LPOL_HIGH HPOL_HIGH T1LOWPOWER FLTAC1 SSP_RC PWM4B5 EXCLKC3 MCLR
   Word  4: 0081   STVREN NOLVP NODEBUG
   Word  5: C00F   NOPROTECT NOCPB NOCPD
   Word  6: E00F   NOWRT NOWRTC NOWRTB NOWRTD
   Word  7: 400F   NOEBTR NOEBTRB
