
ROM used: 24 (0%)
          24 (0%) including unused fragments

          0 Average locations per line
          24 Average locations per statement

RAM used: 4 (1%) at main() level
          4 (1%) worst case

Stack used: 0 worst case (out of 31 total available)

Lines Stmts  %   Files
----- ----- ---  -----
   10     0   0  main.c
   38     0   0  main.h
  487     0   0  C:\Program Files (x86)\PICC\Devices\18F4431.h
----- -----
  535     1 Total

Page ROM  %  RAM   Vol Diff  Functions:
---- --- --- ---   --- ----  ----------
0     20  42   0     3  0.0  main

Program metrics:
    Functions               1
    Statements              1
    Comments                111
    Volume (V)              3
    Difficilty (D)          0.0
    Effort to implement (E) 0
    Time to implement (T)   0 minutes
    Est Delivered Bugs (B)  0
    Cyclomatic Complexity   1
    Maintainability (MI)    136

 Segment     Used  Free
-----------  ----  ----
00000-00002     4  0  
00004-03FFE    20  16360  



