
ROM used: 2454 (15%)
          2454 (15%) including unused fragments

          2 Average locations per line
          6 Average locations per statement

RAM used: 31 (4%) at main() level
          43 (6%) worst case

Stack used: 6 worst case (out of 31 total available)

Lines Stmts  %   Files
----- ----- ---  -----
  294   311  77  td412014.c
  487     0   0  C:\Program Files (x86)\PICC\Devices\18F4431.h
  431     0   0  PIC18F4431_registers.h
  411    91  23  C:\Program Files (x86)\PICC\Drivers\lcd.c
----- -----
 1623   402 Total

Page ROM  %  RAM   Vol Diff  Functions:
---- --- --- ---   --- ----  ----------
0     38   1   1             @delay_ms1
0     20   0   0             @const500
0     78   2   3   751  4.5  lcd_read_byte
0     82   2   2   254  3.7  lcd_read_nibble
0     68   1   1   391  2.4  lcd_send_nibble
0     70   1   3   402  3.6  lcd_send_byte
0    108   2   2   754  5.0  lcd_init
0     34   1   4   191  5.8  lcd_gotoxy
0     82   2   1   354  4.7  lcd_putc
0    152   3   3  1013  6.0  access
0    310   6   1  1615  2.9  doctayPES
0     68   1   2   167  2.3  dcpt
0     70   1   2   167  2.3  dcpn
0     32   1   0   154  2.2  resetdcp
0     70   1   2   174  2.3  dctt
0     68   1   2   174  2.3  dctn
0     32   1   0   154  2.2  resetdct
0    878  18   1  5341  5.4  MAIN
0     14   0   0             @const616
0     32   1   2             @PSTRINGC_518
0     12   0   0             @const618
0     12   0   0             @const619
0     12   0   0             @const620
0     12   0   0             @const621
0     12   0   0             @const622
0     12   0   0             @const623
0     12   0   0             @const624
0     12   0   0             @const625
0     12   0   0             @const626
0     12   0   0             @const627
0     12   0   0             @const628
0     12   0   0             @const629

Program metrics:
    Functions               16
    Statements              402
    Comments                241
    Volume (V)              17992
    Difficilty (D)          56.7
    Effort to implement (E) 1019403
    Time to implement (T)   15 hours, 44 minutes
    Est Delivered Bugs (B)  3
    Cyclomatic Complexity   32
    Maintainability (MI)    68

 Segment     Used  Free
-----------  ----  ----
00000-00002     4  0  
00004-03FFE  2450  13930  



