
ROM used:   1122/16384 (7%)
            1122/16384 (7%) including unused fragments

            0.6 Average locations per line
            10.2 Average locations per statement

RAM used:   24/768 (3%) at main() level
            44/768 (6%) worst case

Stack used: 7 worst case (6 in main + 1 for interrupts)
Stack size: 31

Lines Stmts  %   Files
----- ----- ---  -----
   41    10   9  main.c
  892     0   0  C:\Program Files (x86)\PICC\Devices\18f4431.h
  431     0   0  PIC18F4431_registers.h
  456   100  91  C:\Program Files (x86)\PICC\Drivers\lcd.c
----- -----
 1820   110 Total

Page ROM  %  RAM   Vol Diff  Functions:
---- --- --- ---   --- ----  ----------
0     38   2    1   485  7.8  @delay_ms1
0     78   3    3   760  4.5  lcd_read_byte
0     82   4    2   262  3.7  lcd_read_nibble
0     72   3    1   399  2.4  lcd_send_nibble
0     70   3    3   415  3.7  lcd_send_byte
0    128   6    6   852  6.2  lcd_init
0     34   2    4   208  6.3  lcd_gotoxy
0     80   4    1   354  4.7  lcd_putc
0     20   1    0    24  1.5  nhan_dulieu
0     86   4    0   190  2.6  MAIN
0     12   1    0   346  7.5  @const1137
0     32   1    3   318  6.5  @PSTRINGCN_1120
0    244  11    9   475  7.2  @PRINTF_LD_1120
 Inline         0   129  4.6  @cinit1

Program metrics:
    Functions               14
    Statements              110
    Comments                263
    Volume (V)              8651
    Difficulty (D)          69.3
    Effort to implement (E) 599826
    Time to implement (T)   9 hours, 15 minutes
    Est Delivered Bugs (B)  2
    Cyclomatic Complexity   20
    Maintainability (MI)    125

 Segment     Used  Free
-----------  ----  ----
00000-00002     4  0  
00004-00006     0  4  
00008-00094   142  0  
00096-03FFE   976  15258  



