
ROM used: 3694 (23%)
          3694 (23%) including unused fragments

          1 Average locations per line
          4 Average locations per statement

RAM used: 95 (12%) at main() level
          123 (16%) worst case

Stack used: 6 worst case (out of 31 total available)

Lines Stmts  %   Files
----- ----- ---  -----
   96    62   7  16-3.c
   68    29   3  khoidong.c
  487     0   0  C:\Program Files (x86)\PICC\Devices\18F4431.h
  431     0   0  PIC18F4431_registers.h
 1273   359  40  C:\Program Files (x86)\PICC\Drivers\stdlib.h
   32     0   0  C:\Program Files (x86)\PICC\Drivers\stddef.h
  409     0   0  C:\Program Files (x86)\PICC\Drivers\string.h
   28     0   0  C:\Program Files (x86)\PICC\Drivers\ctype.h
   37     0   0  C:\Program Files (x86)\PICC\Drivers\stdio.h
   37     7   1  van-ctht.c
  117    36   4  dongco.c
   97    80   9  qei_piddc.c
   27    54   6  resetall.c
   29    55   6  resetvan.c
   37    35   4  nhiemvu2.c
   72   109  12  nhiemvu3.c
   75    36   4  nhiemvu3x.c
   38    35   4  nhiemvu4.c
----- -----
 3390   897 Total

Page ROM  %  RAM   Vol Diff  Functions:
---- --- --- ---   --- ----  ----------
0    242   3  11             @MULFF
0    618   8  16             @ADDFF
0     40   1   1             @delay_ms1
0    116   2   0   862  2.9  khoidong
0     36   0   4   223  4.5  beep
0     68   1   2   167  2.3  dc1t
0     32   0   0   154  2.2  resetdc1
0     68   1   2   167  2.3  dc2t
0     32   0   0   154  2.2  resetdc2
0     64   1   0   183  3.4  EXT1_L2H_isr
0     64   1   0   183  3.4  EXT2_isr
0    556   8   8   865  6.5  piddc1
0     72   1   2             @SITOF
0     56   1   4             @SFTOI
0    570   8   8   904  7.0  piddc2
0     32   0   0   149  3.1  ngat_timer0
0     54   1   0   104  2.1  ngat_timer1
0     90   1   0   386  4.2  ngat_timer5
0    202   3   1   664  3.4  resetvan
0     56   1   1    80  2.0  nhiemvu2
0     58   1   1   100  2.1  nhiemvu3x
0     56   1   1    80  2.0  nhiemvu4
0    294   4   1   724  4.8  MAIN

Program metrics:
    Functions               18
    Statements              897
    Comments                904
    Volume (V)              10446
    Difficilty (D)          61.2
    Effort to implement (E) 639022
    Time to implement (T)   9 hours, 52 minutes
    Est Delivered Bugs (B)  2
    Cyclomatic Complexity   35
    Maintainability (MI)    24

 Segment     Used  Free
-----------  ----  ----
00000-00002     4  0  
00004-00006     0  4  
00008-000DC   214  0  
000DE-03FFE  3476  12686  



