
ROM used: 1338 (8%)
          1338 (8%) including unused fragments

          0 Average locations per line
          3 Average locations per statement

RAM used: 34 (4%) at main() level
          53 (7%) worst case

Stack used: 7 worst case (out of 31 total available)

Lines Stmts  %   Files
----- ----- ---  -----
   97    54  11  main.c
  487     0   0  C:\Program Files (x86)\PICC\Devices\18F4431.h
  431     0   0  PIC18F4431_registers.h
 1273   359  71  C:\Program Files (x86)\PICC\Drivers\stdlib.h
   32     0   0  C:\Program Files (x86)\PICC\Drivers\stddef.h
  409     0   0  C:\Program Files (x86)\PICC\Drivers\string.h
   28     0   0  C:\Program Files (x86)\PICC\Drivers\ctype.h
   37     0   0  C:\Program Files (x86)\PICC\Drivers\stdio.h
  411    91  18  C:\Program Files (x86)\PICC\Drivers\lcd.c
----- -----
 3205   504 Total

Page ROM  %  RAM   Vol Diff  Functions:
---- --- --- ---   --- ----  ----------
0     38   1   1             @delay_ms1
0     20   1   0    38  1.7  @const770
0     78   3   3   751  4.5  lcd_read_byte
0     82   3   2   254  3.7  lcd_read_nibble
0     68   3   1   391  2.4  lcd_send_nibble
0     70   3   3   402  3.6  lcd_send_byte
0    108   4   2   754  5.0  lcd_init
0     34   1   4   191  5.8  lcd_gotoxy
0     82   3   1   354  4.7  lcd_putc
0     64   2   0   183  3.4  EXT1_L2H_isr
0     64   2   0   183  3.4  EXT2_isr
0    114   4   1   344  2.7  MAIN
0     16   1   0   167  2.3  @const811
0     34   1   2   167  2.3  @PSTRINGC_788
0     16   1   0   154  2.2  @const813
0     32   1   3   632  3.8  @PSTRINGCN_788
0    236   9   9             @PRINTF_LD_788

Program metrics:
    Functions               15
    Statements              504
    Comments                751
    Volume (V)              8391
    Difficilty (D)          52.0
    Effort to implement (E) 436728
    Time to implement (T)   6 hours, 44 minutes
    Est Delivered Bugs (B)  2
    Cyclomatic Complexity   16
    Maintainability (MI)    31

 Segment     Used  Free
-----------  ----  ----
00000-00002     4  0  
00004-00006     0  4  
00008-000B8   178  0  
000BA-03FFE  1156  15042  



