
ROM used: 1232 (8%)
          1232 (8%) including unused fragments

          0 Average locations per line
          2 Average locations per statement

RAM used: 38 (5%) at main() level
          43 (6%) worst case

Stack used: 3 worst case (out of 31 total available)

Lines Stmts  %   Files
----- ----- ---  -----
  133    80  11  15-3.c
   46    24   3  khoidong.c
  487     0   0  C:\Program Files (x86)\PICC\Devices\18F4431.h
  431     0   0  PIC18F4431_registers.h
 1273   359  48  C:\Program Files (x86)\PICC\Drivers\stdlib.h
   32     0   0  C:\Program Files (x86)\PICC\Drivers\stddef.h
  409     0   0  C:\Program Files (x86)\PICC\Drivers\string.h
   28     0   0  C:\Program Files (x86)\PICC\Drivers\ctype.h
   37     0   0  C:\Program Files (x86)\PICC\Drivers\stdio.h
   34     7   1  van-ctht.c
   77    36   5  dongco.c
   15    57   8  nhiemvu1.c
   16    58   8  nhiemvu2.c
   21    59   8  nhiemvu3.c
   24    65   9  nhiemvu4.c
----- -----
 3063   745 Total

Page ROM  %  RAM   Vol Diff  Functions:
---- --- --- ---   --- ----  ----------
0     40   2   1             @delay_ms1
0    104   4   0   713  2.9  khoidong
0     36   1   4   223  4.5  beep
0     66   3   2   167  2.3  dc1t
0     30   1   0   154  2.2  resetdc1
0     66   3   2   167  2.3  dc2t
0     30   1   0   154  2.2  resetdc2
0     64   3   0   183  3.4  EXT1_L2H_isr
0     64   3   0   183  3.4  EXT2_isr
0     14   1   0    21  0.9  ngat_timer0
0     14   1   0    21  0.9  ngat_timer1
0     60   2   1   243  2.7  nhiemvu1
0     60   2   1   255  2.8  nhiemvu2
0     74   3   1   280  2.8  nhiemvu3
0    124   5   1   450  2.8  nhiemvu4
0    146   6   0   630  4.8  MAIN
0     34   1   0    42  1.4  @goto11470

Program metrics:
    Functions               16
    Statements              745
    Comments                738
    Volume (V)              6713
    Difficilty (D)          43.4
    Effort to implement (E) 291485
    Time to implement (T)   4 hours, 30 minutes
    Est Delivered Bugs (B)  1
    Cyclomatic Complexity   11
    Maintainability (MI)    33

 Segment     Used  Free
-----------  ----  ----
00000-00002     4  0  
00004-00006     0  4  
00008-000D0   202  0  
000D2-03FFE  1026  15148  



