
ROM used: 730 (4%)
          730 (4%) including unused fragments

          0 Average locations per line
          1 Average locations per statement

RAM used: 61 (8%) at main() level
          65 (8%) worst case

Stack used: 3 worst case (out of 31 total available)

Lines Stmts  %   Files
----- ----- ---  -----
  315   190  35  14-3.c
  487     0   0  C:\Program Files (x86)\PICC\Devices\18F4431.h
  431     0   0  PIC18F4431_registers.h
 1273   359  65  C:\Program Files (x86)\PICC\Drivers\stdlib.h
   32     0   0  C:\Program Files (x86)\PICC\Drivers\stddef.h
  409     0   0  C:\Program Files (x86)\PICC\Drivers\string.h
   28     0   0  C:\Program Files (x86)\PICC\Drivers\ctype.h
   37     0   0  C:\Program Files (x86)\PICC\Drivers\stdio.h
----- -----
 3012   549 Total

Page ROM  %  RAM   Vol Diff  Functions:
---- --- --- ---   --- ----  ----------
0     40   3   1             @delay_ms1
0     30   2   4   167  2.3  @SPI_XFER_1_16
0     38   3   4   227  4.1  beep
0     64   4   0   183  3.4  EXT1_L2H_isr
0     64   4   0   183  3.4  EXT2_isr
0     14   1   0    24  1.5  ngat_timer1
0    286  20   1  1661  3.4  MAIN

Program metrics:
    Functions               6
    Statements              549
    Comments                675
    Volume (V)              3226
    Difficilty (D)          19.2
    Effort to implement (E) 62094
    Time to implement (T)   57 minutes
    Est Delivered Bugs (B)  1
    Cyclomatic Complexity   7
    Maintainability (MI)    32

 Segment     Used  Free
-----------  ----  ----
00000-00002     4  0  
00004-00006     0  4  
00008-000C4   190  0  
000C6-03FFE   536  15650  



