
ROM used:   5080/16384 (31%)
            5080/16384 (31%) including unused fragments

            2.3 Average locations per line
            6.9 Average locations per statement

RAM used:   87/768 (11%) at main() level
            119/768 (15%) worst case

Stack used: 6 worst case (3 in main + 3 for interrupts)
Stack size: 31

Lines Stmts  %   Files
----- ----- ---  -----
  132    78  11  lttudongnew.c
   11     0   0  lttudongnew.h
  892     0   0  C:\Program Files (x86)\PICC\Devices\18F4431.h
  531     0   0  PIC18F4431_registers.h
   74    29   4  khoidong.c
   38     7   1  van-ctht.c
  118    36   5  dongco.c
   96    80  11  qei_piddc.c
   39    73  10  resetvan.c
   38    46   6  nhiemvu2.c
   73   120  16  nhiemvu3.c
   91   147  20  nhiemvu3x.c
  107   124  17  nhiemvu4.c
----- -----
 2240   740 Total

Page ROM  %  RAM   Vol Diff  Functions:
---- --- --- ---   --- ----  ----------
0     40   0    1             @delay_ms1
0    110   1    0   862  2.9  khoidong
0     36   0    4   223  4.5  beep
0     68   1    2   167  2.3  dc1t
0     32   0    0   154  2.2  resetdc1
0     68   1    2   167  2.3  dc2n
0     70   1    2   167  2.3  dc2t
0     32   0    0   154  2.2  resetdc2
0     72   1    0   183  3.4  EXT1_L2H_isr
0     72   1    0   183  3.4  EXT2_isr
0    576   6    8   865  6.5  piddc1
0     72   1    2             @SITOF
0    242   2   11             @MULFF
0    618   6   16             @ADDFF
0     56   1    4             @SFTOI
0    568   6    8   904  7.0  piddc2
0     68   1    1   378  4.2  ngat_timer0
0     54   1    0   104  2.1  ngat_timer1
0     90   1    0   386  4.2  ngat_timer5
0    238   2    1   869  3.4  resetvan
0     56   1    1    80  2.0  nhiemvu2
0    798   8    6  3137  5.4  nhiemvu3x
0    540   5    1  2472  3.5  nhiemvu4
0    310   3    1   874  4.8  MAIN
 Inline         0             @cinit1

Program metrics:
    Functions               19
    Statements              740
    Comments                398
    Volume (V)              19495
    Difficulty (D)          69.9
    Effort to implement (E) 1363176
    Time to implement (T)   21 hours, 2 minutes
    Est Delivered Bugs (B)  4
    Cyclomatic Complexity   46
    Maintainability (MI)    111

 Segment     Used  Free
-----------  ----  ----
00000-00002     4  0  
00004-00006     0  4  
00008-000C4   190  0  
000C6-03FFE  4886  11300  



