
ROM used: 4408 (27%)
          4408 (27%) including unused fragments

          3 Average locations per line
          8 Average locations per statement

RAM used: 58 (8%) at main() level
          102 (13%) worst case

Stack used: 7 worst case (out of 31 total available)

Lines Stmts  %   Files
----- ----- ---  -----
  353   470  84  td11-1-2014.c
  487     0   0  C:\Program Files (x86)\PICC\Devices\18F4431.h
  431     0   0  PIC18F4431_registers.h
  411    91  16  C:\Program Files (x86)\PICC\Drivers\lcd.c
----- -----
 1682   561 Total

Page ROM  %  RAM   Vol Diff  Functions:
---- --- --- ---   --- ----  ----------
0     38   0   1             @delay_ms1
0     20   0   0             @const500
0     78   1   3   751  4.5  lcd_read_byte
0     82   1   2   254  3.7  lcd_read_nibble
0     68   1   1   391  2.4  lcd_send_nibble
0     70   1   3   402  3.6  lcd_send_byte
0    108   1   2   754  5.0  lcd_init
0     34   0   4   191  5.8  lcd_gotoxy
0     82   1   1   354  4.7  lcd_putc
0    844  10  30   792  4.5  lcd_putnum
0    142   2  13             @DIV3232
0     84   1  14             @MUL3232
0     26   0   1    72  3.0  ngatngoai1
0     26   0   1    72  3.0  ngatngoai2
0     16   0   0    48  1.1  setint
0    152   2   3  1013  6.0  access
0    310   4   1  1615  2.9  doctayPES
0     68   1   2   167  2.3  dc1t
0     68   1   2   167  2.3  dc1n
0     32   0   0   154  2.2  resetdc1
0     68   1   2   174  2.3  dc2t
0     68   1   2   174  2.3  dc2n
0     32   0   0   154  2.2  resetdc2
0   1608  18   1 10242  5.5  MAIN
0     10   0   0             @const630
0     32   0   2             @PSTRINGC_518
0     12   0   0             @const632
0     12   0   0             @const633
0     12   0   0             @const634
0     12   0   0             @const635
0     12   0   0             @const636

Program metrics:
    Functions               20
    Statements              561
    Comments                228
    Volume (V)              25628
    Difficilty (D)          70.8
    Effort to implement (E) 1814223
    Time to implement (T)   28 hours, 0 minutes
    Est Delivered Bugs (B)  5
    Cyclomatic Complexity   33
    Maintainability (MI)    36

 Segment     Used  Free
-----------  ----  ----
00000-00002     4  0  
00004-00006     0  4  
00008-000B8   178  0  
000BA-03FFE  4226  11972  



