
ROM used: 3660 (22%)
          3660 (22%) including unused fragments

          1 Average locations per line
          5 Average locations per statement

RAM used: 96 (12%) at main() level
          124 (16%) worst case

Stack used: 6 worst case (out of 31 total available)

Lines Stmts  %   Files
----- ----- ---  -----
   93    48   7  16-3.c
   66    30   4  khoidong.c
  487     0   0  C:\Program Files (x86)\PICC\Devices\18F4431.h
  431     0   0  PIC18F4431_registers.h
 1273   359  50  C:\Program Files (x86)\PICC\Drivers\stdlib.h
   32     0   0  C:\Program Files (x86)\PICC\Drivers\stddef.h
  409     0   0  C:\Program Files (x86)\PICC\Drivers\string.h
   28     0   0  C:\Program Files (x86)\PICC\Drivers\ctype.h
   37     0   0  C:\Program Files (x86)\PICC\Drivers\stdio.h
   37     7   1  van-ctht.c
  117    36   5  dongco.c
   97    80  11  qei_piddc.c
   27    38   5  resetall.c
   37    43   6  nhiemvu2.c
   35    42   6  nhiemvu3.c
   33    35   5  nhiemvu4.c
----- -----
 3239   718 Total

Page ROM  %  RAM   Vol Diff  Functions:
---- --- --- ---   --- ----  ----------
0    242   3  11             @MULFF
0    618   8  16             @ADDFF
0     40   1   1             @delay_ms1
0    116   2   0   893  2.9  khoidong
0     36   0   4   223  4.5  beep
0     68   1   2   167  2.3  dc1t
0     32   0   0   154  2.2  resetdc1
0     68   1   2   167  2.3  dc2t
0     32   0   0   154  2.2  resetdc2
0     64   1   0   183  3.4  EXT1_L2H_isr
0     64   1   0   183  3.4  EXT2_isr
0    556   8   8   865  6.5  piddc1
0     72   1   2   183  3.4  @SITOF
0     56   1   4   183  3.4  @SFTOI
0    570   8   8   904  7.0  piddc2
0     32   0   0   149  3.1  ngat_timer0
0     54   1   0   104  2.1  ngat_timer1
0     20   0   0    33  1.3  ngat_timer5
0    108   1   1   578  3.4  resetall
0    102   1   1   584  3.8  nhiemvu2
0    152   2   1   743  3.4  nhiemvu3
0     76   1   1   404  4.2  nhiemvu4
0    264   4   1   715  5.3  MAIN

Program metrics:
    Functions               20
    Statements              718
    Comments                783
    Volume (V)              13071
    Difficilty (D)          71.5
    Effort to implement (E) 935053
    Time to implement (T)   14 hours, 26 minutes
    Est Delivered Bugs (B)  3
    Cyclomatic Complexity   43
    Maintainability (MI)    66

 Segment     Used  Free
-----------  ----  ----
00000-00002     4  0  
00004-00006     0  4  
00008-000DC   214  0  
000DE-03FFE  3442  12720  



