
ROM used: 654 (4%)
          654 (4%) including unused fragments

          0 Average locations per line
          1 Average locations per statement

RAM used: 34 (4%) at main() level
          39 (5%) worst case

Stack used: 2 worst case (out of 31 total available)

Lines Stmts  %   Files
----- ----- ---  -----
  122    94  21  main2.c
  487     0   0  C:\Program Files (x86)\PICC\Devices\18F4431.h
  431     0   0  PIC18F4431_registers.h
 1273   359  79  C:\Program Files (x86)\PICC\Drivers\stdlib.h
   32     0   0  C:\Program Files (x86)\PICC\Drivers\stddef.h
  409     0   0  C:\Program Files (x86)\PICC\Drivers\string.h
   28     0   0  C:\Program Files (x86)\PICC\Drivers\ctype.h
   37     0   0  C:\Program Files (x86)\PICC\Drivers\stdio.h
----- -----
 2819   453 Total

Page ROM  %  RAM   Vol Diff  Functions:
---- --- --- ---   --- ----  ----------
0     40   3   1             @delay_ms1
0    148  11   3  1013  6.0  access
0    304  23   1  1499  2.9  doctayPES
0     36   3   4   223  4.5  beep
0    122   9   0   475  3.3  MAIN

Program metrics:
    Functions               4
    Statements              453
    Comments                667
    Volume (V)              4130
    Difficilty (D)          16.6
    Effort to implement (E) 68728
    Time to implement (T)   1 hours, 4 minutes
    Est Delivered Bugs (B)  1
    Cyclomatic Complexity   18
    Maintainability (MI)    103

 Segment     Used  Free
-----------  ----  ----
00000-00002     4  0  
00004-03FFE   650  15730  



