
ROM used:   5000/16384 (31%)
            5000/16384 (31%) including unused fragments

            1.2 Average locations per line
            4.1 Average locations per statement

RAM used:   99/768 (13%) at main() level
            128/768 (17%) worst case

Stack used: 7 worst case (4 in main + 3 for interrupts)
Stack size: 31

Lines Stmts  %   Files
----- ----- ---  -----
  144    86   7  lttudong20mhz.c
   21     0   0  lttudong20mhz.h
  892     0   0  C:\Program Files (x86)\PICC\Devices\18F4431.h
  531     0   0  PIC18F4431_registers.h
 1351   359  29  C:\Program Files (x86)\PICC\Drivers\stdlib.h
   32     0   0  C:\Program Files (x86)\PICC\Drivers\stddef.h
  423     0   0  C:\Program Files (x86)\PICC\Drivers\string.h
   28     0   0  C:\Program Files (x86)\PICC\Drivers\ctype.h
   37     0   0  C:\Program Files (x86)\PICC\Drivers\stdio.h
   73    29   2  khoidong.c
   40     7   1  van-ctht.c
   83    36   3  dongco.c
   99    80   7  qei_piddc.c
   66    96   8  resetvan.c
   29    56   5  nhiemvu2.c
  129   181  15  nhiemvu3.c
  121   176  14  nhiemvu3x.c
  103   113   9  nhiemvu4.c
----- -----
 4202  1219 Total

Page ROM  %  RAM   Vol Diff  Functions:
---- --- --- ---   --- ----  ----------
0    242   2   11             @MULFF
0    618   6   16             @ADDFF
0     38   0    1             @delay_ms1
0    112   1    0   862  2.9  khoidong
0     36   0    4   223  4.5  beep
0     66   1    2   167  2.3  dc1t
0     66   1    2   167  2.3  dc1n
0     30   0    0   154  2.2  resetdc1
0     68   1    2   167  2.3  dc2n
0     66   1    2   167  2.3  dc2t
0     30   0    0   154  2.2  resetdc2
0     68   1    0   183  3.4  EXT1_L2H_isr
0     68   1    0   183  3.4  EXT2_isr
0    580   6    8   865  6.5  piddc1
0     72   1    2             @SITOF
0     56   1    4             @SFTOI
0    558   6    8   859  6.5  piddc2
0     70   1    1   399  4.7  ngat_timer0
0    134   1    0   407  4.2  ngat_timer1
0     34   0    0             @goto11969
0     26   0    0   102  2.9  ngat_timer5
0    266   3    1  1595  5.4  resetvan
0     88   1    1   260  3.2  nhiemvu2
0    822   8    2  4260  5.9  nhiemvu3
0    268   3    2  2102  4.9  nhiemvu4
0    324   3    1  1090  4.9  MAIN
 Inline         0             @cinit1

Program metrics:
    Functions               20
    Statements              1219
    Comments                868
    Volume (V)              22561
    Difficulty (D)          78.2
    Effort to implement (E) 1765081
    Time to implement (T)   27 hours, 14 minutes
    Est Delivered Bugs (B)  5
    Cyclomatic Complexity   51
    Maintainability (MI)    32

 Segment     Used  Free
-----------  ----  ----
00000-00002     4  0  
00004-00006     0  4  
00008-000C4   190  0  
000C6-03FFE  4806  11380  



