
ROM used:   5566/16384 (34%)
            5566/16384 (34%) including unused fragments

            1.3 Average locations per line
            4.4 Average locations per statement

RAM used:   102/768 (13%) at main() level
            131/768 (17%) worst case

Stack used: 6 worst case (3 in main + 3 for interrupts)
Stack size: 31

Lines Stmts  %   Files
----- ----- ---  -----
  144    98   8  lttudong20mhz.c
   21     0   0  lttudong20mhz.h
  892     0   0  ..\..\..\..\..\..\..\..\Program Files (x86)\PICC\Devices\18F4431.h
  531     0   0  PIC18F4431_registers.h
 1351   359  28  ..\..\..\..\..\..\..\..\Program Files (x86)\PICC\Drivers\stdlib.h
   32     0   0  ..\..\..\..\..\..\..\..\Program Files (x86)\PICC\Drivers\stddef.h
  423     0   0  ..\..\..\..\..\..\..\..\Program Files (x86)\PICC\Drivers\string.h
   28     0   0  ..\..\..\..\..\..\..\..\Program Files (x86)\PICC\Drivers\ctype.h
   37     0   0  ..\..\..\..\..\..\..\..\Program Files (x86)\PICC\Drivers\stdio.h
   73    29   2  khoidong.c
   43     7   1  van-ctht.c
   83    36   3  dongco.c
   99    80   6  qei_piddc.c
   66   108   8  resetvan.c
   29    68   5  nhiemvu2.c
  140   185  14  nhiemvu3.c
  123   181  14  nhiemvu3x.c
  103   125  10  nhiemvu4.c
----- -----
 4218  1276 Total

Page ROM  %  RAM    Vol Diff  Functions:
---- --- --- ---    --- ----  ----------
0    242   2   11             @MULFF
0    618   6   16             @ADDFF
0     38   0    1             @delay_ms1
0    112   1    0    862  2.9  khoidong
0     36   0    4    223  4.5  beep
0     66   1    2    167  2.3  dc1t
0     66   1    2    167  2.3  dc1n
0     30   0    0    154  2.2  resetdc1
0     66   1    2    167  2.3  dc2n
0     66   1    2    167  2.3  dc2t
0     30   0    0    154  2.2  resetdc2
0     66   1    1    183  3.4  EXT1_isr
0     66   1    1    183  3.4  EXT2_isr
0    580   5    8    865  6.5  piddc1
0     72   1    2             @SITOF
0     56   1    4             @SFTOI
0    558   5    8    859  6.5  piddc2
0     70   1    1    399  4.7  ngat_timer0
0    134   1    0    407  4.2  ngat_timer1
0     34   0    0             @goto11973
0     90   1    0    386  4.2  ngat_timer5
0    374   3    1   1595  5.4  resetvan
0    148   1    1    260  3.2  nhiemvu2
0    962   9    2   3970  5.9  nhiemvu3
0    412   4    2   2102  4.9  nhiemvu4
0    356   3    1   1090  4.9  MAIN
 Inline         0             @cinit1

Program metrics:
    Functions               20
    Statements              1276
    Comments                840
    Volume (V)              22751
    Difficulty (D)          79.2
    Effort to implement (E) 1802395
    Time to implement (T)   27 hours, 49 minutes
    Est Delivered Bugs (B)  5
    Cyclomatic Complexity   52
    Maintainability (MI)    38

 Segment     Used  Free
-----------  ----  ----
00000-00002     4  0  
00004-00006     0  4  
00008-000DC   214  0  
000DE-03FFE  5348  10814  



