
ROM used: 3528 (22%)
          3528 (22%) including unused fragments

          1 Average locations per line
          4 Average locations per statement

RAM used: 91 (12%) at main() level
          117 (15%) worst case

Stack used: 6 worst case (out of 31 total available)

Lines Stmts  %   Files
----- ----- ---  -----
  178   128  13  16-3.c
   61    26   3  khoidong.c
  487     0   0  C:\Program Files (x86)\PICC\Devices\18F4431.h
  431     0   0  PIC18F4431_registers.h
 1273   359  36  C:\Program Files (x86)\PICC\Drivers\stdlib.h
   32     0   0  C:\Program Files (x86)\PICC\Drivers\stddef.h
  409     0   0  C:\Program Files (x86)\PICC\Drivers\string.h
   28     0   0  C:\Program Files (x86)\PICC\Drivers\ctype.h
   37     0   0  C:\Program Files (x86)\PICC\Drivers\stdio.h
   34     7   1  van-ctht.c
   77    36   4  dongco.c
   24   115  11  resetall.c
   21   108  11  nhiemvu2.c
   13    96  10  nhiemvu3.c
   40   126  13  nhiemvu4.c
----- -----
 3145  1001 Total

Page ROM  %  RAM   Vol Diff  Functions:
---- --- --- ---   --- ----  ----------
0    242   3  11             @MULFF
0    618   9  16             @ADDFF
0     40   1   1             @delay_ms1
0    108   2   0   787  2.9  khoidong
0     36   1   4   223  4.5  beep
0     68   1   2   167  2.3  dc1t
0     30   0   0   154  2.2  resetdc1
0     68   1   2   167  2.3  dc2t
0     30   0   0   154  2.2  resetdc2
0     64   1   0   183  3.4  EXT1_L2H_isr
0     64   1   0   183  3.4  EXT2_isr
0    548   8   6   835  5.8  piddc1
0     72   1   2   874  6.3  @SITOF
0     56   1   4             @SFTOI
0    562   8   6   874  6.3  piddc2
0     32   0   0   149  3.1  ngat_timer0
0     44   1   0    96  1.7  ngat_timer1
0    104   1   1   536  3.3  resetall
0     60   1   1   258  3.7  nhiemvu2
0     20   0   0    43  1.8  nhiemvu3
0    206   3   1   761  3.4  nhiemvu4
0    250   4   1   744  5.3  MAIN

Program metrics:
    Functions               18
    Statements              1001
    Comments                747
    Volume (V)              12126
    Difficilty (D)          64.7
    Effort to implement (E) 783993
    Time to implement (T)   12 hours, 6 minutes
    Est Delivered Bugs (B)  3
    Cyclomatic Complexity   43
    Maintainability (MI)    45

 Segment     Used  Free
-----------  ----  ----
00000-00002     4  0  
00004-00006     0  4  
00008-000D0   202  0  
000D2-03FFE  3322  12852  



