
ROM used: 2494 (15%)
          2494 (15%) including unused fragments

          2 Average locations per line
          6 Average locations per statement

RAM used: 58 (8%) at main() level
          71 (9%) worst case

Stack used: 7 worst case (out of 31 total available)

Lines Stmts  %   Files
----- ----- ---  -----
  291   331  78  thutd9-1.c
  487     0   0  C:\Program Files (x86)\PICC\Devices\18F4431.h
  431     0   0  PIC18F4431_registers.h
  411    91  22  C:\Program Files (x86)\PICC\Drivers\lcd.c
----- -----
 1620   422 Total

Page ROM  %  RAM   Vol Diff  Functions:
---- --- --- ---   --- ----  ----------
0     38   1   1             @delay_ms1
0     20   0   0             @const500
0     78   2   3   751  4.5  lcd_read_byte
0     82   2   2   254  3.7  lcd_read_nibble
0     68   1   1   391  2.4  lcd_send_nibble
0     70   1   3   402  3.6  lcd_send_byte
0    108   2   2   754  5.0  lcd_init
0     34   1   4   191  5.8  lcd_gotoxy
0     82   2   1   354  4.7  lcd_putc
0     26   1   1    72  3.0  ngatngoai1
0     26   1   1    72  3.0  ngatngoai2
0     16   0   0    48  1.1  setint
0    152   3   3  1013  6.0  access
0    310   6   1  1615  2.9  doctayPES
0     70   1   2   167  2.3  dcpn
0     34   1   0   154  2.2  resetdcp
0     68   1   2   174  2.3  dctt
0     70   1   2   174  2.3  dctn
0     32   1   0   154  2.2  resetdct
0    778  16   1  5762  4.5  MAIN
0     10   0   0             @const626
0     32   1   2             @PSTRINGC_518
0     12   0   0             @const628
0     12   0   0             @const629
0     12   0   0             @const630
0     12   0   0             @const631
0     12   0   0             @const632
0     12   0   0             @const633
0     12   0   0             @const634
0     12   0   0             @const635
0     12   0   0             @const636

Program metrics:
    Functions               18
    Statements              422
    Comments                214
    Volume (V)              18651
    Difficilty (D)          62.4
    Effort to implement (E) 1164255
    Time to implement (T)   17 hours, 58 minutes
    Est Delivered Bugs (B)  4
    Cyclomatic Complexity   39
    Maintainability (MI)    43

 Segment     Used  Free
-----------  ----  ----
00000-00002     4  0  
00004-00006     0  4  
00008-000B8   178  0  
000BA-03FFE  2312  13886  



