
ROM used: 793 (10%)
          793 (10%) including unused fragments

          1 Average locations per line
          4 Average locations per statement

RAM used: 30 (8%) at main() level
          44 (12%) worst case

Stack used: 5 worst case (out of 8 total available)

Lines Stmts  %   Files
----- ----- ---  -----
  150   119  57  thutd.c
   19     0   0  thutd.h
  430     0   0  C:\Program Files (x86)\PICC\Devices\16F887.h
  286     0   0  PIC16F887_registers.h
  411    91  43  C:\Program Files (x86)\PICC\Drivers\lcd.c
----- -----
 1296   210 Total

Page ROM  %  RAM   Vol Diff  Functions:
---- --- --- ---   --- ----  ----------
0     20   3   1             @delay_ms1
0      8   1   0             @const357
 Inline        3   751  4.5  lcd_read_byte
0     49   6   2   254  3.7  lcd_read_nibble
0     46   6   1   391  2.4  lcd_send_nibble
0     94  12   3   402  3.6  lcd_send_byte
0     65   8   2   754  5.0  lcd_init
0     18   2   4   191  5.8  lcd_gotoxy
0     45   6   1   354  4.7  lcd_putc
0     85  11   3  1013  6.0  access
0    157  20   1  1499  2.9  doctayPES
0    112  14   0   946  3.8  MAIN
0      5   1   0             @const440
0     70   9   3             @PSTRINGC7_375
0      5   1   0             @const442
0      5   1   0             @const443
0      5   1   0             @const444

Program metrics:
    Functions               10
    Statements              210
    Comments                187
    Volume (V)              9971
    Difficilty (D)          41.4
    Effort to implement (E) 413166
    Time to implement (T)   6 hours, 23 minutes
    Est Delivered Bugs (B)  2
    Cyclomatic Complexity   23
    Maintainability (MI)    105

 Segment     Used  Free
-----------  ----  ----
00000-00003     4  0  
00004-007FF   789  1255  
00800-00FFF     0  2048  
01000-017FF     0  2048  
01800-01FFF     0  2048  



