
ROM used:   4646/16384 (28%)
            4646/16384 (28%) including unused fragments

            1.2 Average locations per line
            4.8 Average locations per statement

RAM used:   92/768 (12%) at main() level
            124/768 (16%) worst case

Stack used: 6 worst case (3 in main + 3 for interrupts)
Stack size: 31

Lines Stmts  %   Files
----- ----- ---  -----
  115    67   7  lttudong.c
   69    29   3  khoidong.c
  892     0   0  C:\Program Files (x86)\PICC\Devices\18F4431.h
  531     0   0  PIC18F4431_registers.h
 1351   359  37  C:\Program Files (x86)\PICC\Drivers\stdlib.h
   32     0   0  C:\Program Files (x86)\PICC\Drivers\stddef.h
  423     0   0  C:\Program Files (x86)\PICC\Drivers\string.h
   28     0   0  C:\Program Files (x86)\PICC\Drivers\ctype.h
   37     0   0  C:\Program Files (x86)\PICC\Drivers\stdio.h
   38     7   1  van-ctht.c
  118    36   4  dongco.c
   96    80   8  qei_piddc.c
   31    56   6  resetvan.c
   38    35   4  nhiemvu2.c
   73   109  11  nhiemvu3.c
   91   136  14  nhiemvu3x.c
   31    51   5  nhiemvu4.c
----- -----
 3994   965 Total

Page ROM  %  RAM   Vol Diff  Functions:
---- --- --- ---   --- ----  ----------
0    242   3   11             @MULFF
0    618   7   16             @ADDFF
0     40   0    1             @delay_ms1
0    110   1    0   862  2.9  khoidong
0     36   0    4   223  4.5  beep
0     66   1    2   167  2.3  dc1t
0     30   0    0   154  2.2  resetdc1
0     66   1    2   167  2.3  dc2n
0     68   1    2   167  2.3  dc2t
0     30   0    0   154  2.2  resetdc2
0     68   1    0   183  3.4  EXT1_L2H_isr
0     68   1    0   183  3.4  EXT2_isr
0    576   6    8   865  6.5  piddc1
0     72   1    2             @SITOF
0     56   1    4             @SFTOI
0    568   6    8   904  7.0  piddc2
0     32   0    0   149  3.1  ngat_timer0
0     54   1    0   104  2.1  ngat_timer1
0     90   1    0   386  4.2  ngat_timer5
0    204   2    1   693  3.4  resetvan
0     56   1    1    80  2.0  nhiemvu2
0    794   9    6  3137  5.4  nhiemvu3x
0    202   2    1   513  3.3  nhiemvu4
0    306   3    1   874  4.8  MAIN
 Inline         0   874  4.8  @cinit1

Program metrics:
    Functions               20
    Statements              965
    Comments                951
    Volume (V)              17657
    Difficulty (D)          73.3
    Effort to implement (E) 1295072
    Time to implement (T)   19 hours, 59 minutes
    Est Delivered Bugs (B)  4
    Cyclomatic Complexity   48
    Maintainability (MI)    25

 Segment     Used  Free
-----------  ----  ----
00000-00002     4  0  
00004-00006     0  4  
00008-000C4   190  0  
000C6-03FFE  4452  11734  



