
ROM used: 3922 (24%)
          3922 (24%) including unused fragments

          1 Average locations per line
          4 Average locations per statement

RAM used: 96 (12%) at main() level
          124 (16%) worst case

Stack used: 6 worst case (out of 31 total available)

Lines Stmts  %   Files
----- ----- ---  -----
   98    47   5  16-3.c
   68    30   3  khoidong.c
  487     0   0  C:\Program Files (x86)\PICC\Devices\18F4431.h
  431     0   0  PIC18F4431_registers.h
 1273   359  40  C:\Program Files (x86)\PICC\Drivers\stdlib.h
   32     0   0  C:\Program Files (x86)\PICC\Drivers\stddef.h
  409     0   0  C:\Program Files (x86)\PICC\Drivers\string.h
   28     0   0  C:\Program Files (x86)\PICC\Drivers\ctype.h
   37     0   0  C:\Program Files (x86)\PICC\Drivers\stdio.h
   37     7   1  van-ctht.c
  117    36   4  dongco.c
   97    80   9  qei_piddc.c
   27    38   4  resetall.c
   30    40   4  resetvan.c
   37    43   5  nhiemvu2.c
   72    93  10  nhiemvu3.c
   72    93  10  nhiemvu3x.c
   33    35   4  nhiemvu4.c
----- -----
 3385   901 Total

Page ROM  %  RAM   Vol Diff  Functions:
---- --- --- ---   --- ----  ----------
0    242   3  11             @MULFF
0    618   8  16             @ADDFF
0     40   1   1             @delay_ms1
0    118   2   0   893  2.9  khoidong
0     36   0   4   223  4.5  beep
0     68   1   2   167  2.3  dc1t
0     30   0   0   154  2.2  resetdc1
0     68   1   2   167  2.3  dc2t
0     30   0   0   154  2.2  resetdc2
0     64   1   0   183  3.4  EXT1_L2H_isr
0     64   1   0   183  3.4  EXT2_isr
0    556   7   8   865  6.5  piddc1
0     72   1   2             @SITOF
0     56   1   4             @SFTOI
0    570   7   8   904  7.0  piddc2
0     32   0   0   149  3.1  ngat_timer0
0     54   1   0   104  2.1  ngat_timer1
0     20   0   0    33  1.3  ngat_timer5
0    132   2   1   679  3.4  resetvan
0    102   1   1   584  3.8  nhiemvu2
0    394   5   1  2299  3.9  nhiemvu3x
0     76   1   1   404  4.2  nhiemvu4
0    262   3   1   694  5.3  MAIN

Program metrics:
    Functions               18
    Statements              901
    Comments                798
    Volume (V)              14388
    Difficilty (D)          65.1
    Effort to implement (E) 936037
    Time to implement (T)   14 hours, 27 minutes
    Est Delivered Bugs (B)  3
    Cyclomatic Complexity   42
    Maintainability (MI)    33

 Segment     Used  Free
-----------  ----  ----
00000-00002     4  0  
00004-00006     0  4  
00008-000DC   214  0  
000DE-03FFE  3704  12458  



