
ROM used: 150 (1%)
          150 (1%) including unused fragments

          0 Average locations per line
          0 Average locations per statement

RAM used: 12 (2%) at main() level
          13 (2%) worst case

Stack used: 1 worst case (out of 31 total available)

Lines Stmts  %   Files
----- ----- ---  -----
   28     9   2  main.c
  487     0   0  C:\Program Files (x86)\PICC\Devices\18F4431.h
  431     0   0  PIC18F4431_registers.h
 1273   359  73  C:\Program Files (x86)\PICC\Drivers\stdlib.h
   32     0   0  C:\Program Files (x86)\PICC\Drivers\stddef.h
  409   121  25  C:\Program Files (x86)\PICC\Drivers\string.h
   28     0   0  C:\Program Files (x86)\PICC\Drivers\ctype.h
----- -----
 2688   489 Total

Page ROM  %  RAM   Vol Diff  Functions:
---- --- --- ---   --- ----  ----------
0     40  13   1             @delay_ms1
0    106  35   0   335  4.7  MAIN

Program metrics:
    Functions               1
    Statements              489
    Comments                880
    Volume (V)              338
    Difficilty (D)          4.5
    Effort to implement (E) 1524
    Time to implement (T)   1 minutes
    Est Delivered Bugs (B)  0
    Cyclomatic Complexity   1
    Maintainability (MI)    86

 Segment     Used  Free
-----------  ----  ----
00000-00002     4  0  
00004-03FFE   146  16234  



