
ROM used: 2906 (18%)
          2906 (18%) including unused fragments

          1 Average locations per line
          4 Average locations per statement

RAM used: 95 (12%) at main() level
          124 (16%) worst case

Stack used: 5 worst case (out of 31 total available)

Lines Stmts  %   Files
----- ----- ---  -----
  109    20   3  16-3.c
   65    31   5  khoidong.c
  487     0   0  C:\Program Files (x86)\PICC\Devices\18F4431.h
  431     0   0  PIC18F4431_registers.h
 1273   359  53  C:\Program Files (x86)\PICC\Drivers\stdlib.h
   32     0   0  C:\Program Files (x86)\PICC\Drivers\stddef.h
  409     0   0  C:\Program Files (x86)\PICC\Drivers\string.h
   28     0   0  C:\Program Files (x86)\PICC\Drivers\ctype.h
   37     0   0  C:\Program Files (x86)\PICC\Drivers\stdio.h
   35     7   1  van-ctht.c
   77    36   5  dongco.c
   97    80  12  qei_piddc.c
   27    38   6  resetall.c
   26    34   5  nhiemvu2.c
   32    34   5  nhiemvu3.c
   33    40   6  nhiemvu4.c
----- -----
 3198   679 Total

Page ROM  %  RAM   Vol Diff  Functions:
---- --- --- ---   --- ----  ----------
0    242   4  11             @MULFF
0    618  11  16             @ADDFF
0     40   1   1             @delay_ms1
0    128   2   0   954  2.9  khoidong
0     38   1   4   223  4.5  beep
0     64   1   0   183  3.4  EXT1_L2H_isr
0     64   1   0   183  3.4  EXT2_isr
0    556  10   8   865  6.5  piddc1
0     72   1   2             @SITOF
0     56   1   4             @SFTOI
0    570  10   8   904  7.0  piddc2
0     32   1   0   149  3.1  ngat_timer0
0     54   1   0   104  2.1  ngat_timer1
0     20   0   0    33  1.3  ngat_timer5
0    134   2   0    74  2.3  MAIN

Program metrics:
    Functions               10
    Statements              679
    Comments                768
    Volume (V)              5540
    Difficilty (D)          37.5
    Effort to implement (E) 207785
    Time to implement (T)   3 hours, 12 minutes
    Est Delivered Bugs (B)  1
    Cyclomatic Complexity   25
    Maintainability (MI)    112

 Segment     Used  Free
-----------  ----  ----
00000-00002     4  0  
00004-00006     0  4  
00008-000DC   214  0  
000DE-03FFE  2688  13474  



